<?xml version="1.0" encoding="UTF-8"?>
<!-- Generated by org.testng.reporters.JUnitReportReporter -->
<testsuite hostname="ojt27-PC" name="DriverFactory.AppTest" tests="1" failures="0" timestamp="23 Oct 2019 10:43:21 GMT" time="64.503" errors="0">
  <testcase name="ERP_Start" time="64.503" classname="DriverFactory.AppTest"/>
</testsuite> <!-- DriverFactory.AppTest -->
