<?xml version="1.0" encoding="UTF-8"?>
<!-- Generated by org.testng.reporters.JUnitReportReporter -->
<testsuite hostname="ojt27-PC" name="DriverFactory.DataDrivenFramework" tests="1" failures="0" timestamp="25 Oct 2019 04:42:19 GMT" time="140.172" errors="0">
  <testcase name="suppliercreation" time="140.172" classname="DriverFactory.DataDrivenFramework"/>
</testsuite> <!-- DriverFactory.DataDrivenFramework -->
